[0.772s] Invoking command in '/home/addinnedu/ROS2_Jazzy_Study/build/traffic_planner': CMAKE_PREFIX_PATH=${CMAKE_PREFIX_PATH}:/home/addinnedu/ROS2_Jazzy_Study/install/send_goal:/home/addinnedu/ROS2_Jazzy_Study/install/pinky_mapf:/home/addinnedu/ROS2_Jazzy_Study/install/my_demo_pkg:/home/addinnedu/ROS2_Jazzy_Study/install/aruco_marker_pkg:/opt/ros/jazzy DEBUGINFOD_URLS=https://debuginfod.ubuntu.com /usr/bin/cmake /home/addinnedu/ROS2_Jazzy_Study/src/traffic_planner -DAMENT_CMAKE_SYMLINK_INSTALL=1 -DCMAKE_INSTALL_PREFIX=/home/addinnedu/ROS2_Jazzy_Study/install/traffic_planner
[0.827s] -- The C compiler identification is GNU 13.3.0
[0.880s] -- The CXX compiler identification is GNU 13.3.0
[0.896s] -- Detecting C compiler ABI info
[0.988s] -- Detecting C compiler ABI info - done
[1.001s] -- Check for working C compiler: /usr/bin/cc - skipped
[1.001s] -- Detecting C compile features
[1.002s] -- Detecting C compile features - done
[1.012s] -- Detecting CXX compiler ABI info
[1.111s] -- Detecting CXX compiler ABI info - done
[1.119s] -- Check for working CXX compiler: /usr/bin/c++ - skipped
[1.119s] -- Detecting CXX compile features
[1.120s] -- Detecting CXX compile features - done
[1.125s] -- Found ament_cmake: 2.5.4 (/opt/ros/jazzy/share/ament_cmake/cmake)
[1.285s] -- Found Python3: /usr/bin/python3 (found version "3.12.3") found components: Interpreter 
[1.355s] -- Override CMake install command with custom implementation using symlinks instead of copying resources
[1.420s] -- Found rclcpp: 28.1.9 (/opt/ros/jazzy/share/rclcpp/cmake)
[1.481s] -- Found rosidl_generator_c: 4.6.5 (/opt/ros/jazzy/share/rosidl_generator_c/cmake)
[1.502s] -- Found rosidl_generator_cpp: 4.6.5 (/opt/ros/jazzy/share/rosidl_generator_cpp/cmake)
[1.526s] -- Using all available rosidl_typesupport_c: rosidl_typesupport_fastrtps_c;rosidl_typesupport_introspection_c
[1.551s] -- Using all available rosidl_typesupport_cpp: rosidl_typesupport_fastrtps_cpp;rosidl_typesupport_introspection_cpp
[1.652s] -- Found rmw_implementation_cmake: 7.3.2 (/opt/ros/jazzy/share/rmw_implementation_cmake/cmake)
[1.657s] -- Found rmw_fastrtps_cpp: 8.4.2 (/opt/ros/jazzy/share/rmw_fastrtps_cpp/cmake)
[1.772s] -- Found OpenSSL: /usr/lib/x86_64-linux-gnu/libcrypto.so (found version "3.0.13")  
[1.811s] -- Found FastRTPS: /opt/ros/jazzy/include (Required is at least version "2.13") 
[1.888s] -- Using RMW implementation 'rmw_fastrtps_cpp' as default
[2.194s] -- Found nav_msgs: 5.3.6 (/opt/ros/jazzy/share/nav_msgs/cmake)
[2.654s] -- Configuring done (1.9s)
[2.730s] -- Generating done (0.1s)
[2.748s] -- Build files have been written to: /home/addinnedu/ROS2_Jazzy_Study/build/traffic_planner
[2.778s] Invoked command in '/home/addinnedu/ROS2_Jazzy_Study/build/traffic_planner' returned '0': CMAKE_PREFIX_PATH=${CMAKE_PREFIX_PATH}:/home/addinnedu/ROS2_Jazzy_Study/install/send_goal:/home/addinnedu/ROS2_Jazzy_Study/install/pinky_mapf:/home/addinnedu/ROS2_Jazzy_Study/install/my_demo_pkg:/home/addinnedu/ROS2_Jazzy_Study/install/aruco_marker_pkg:/opt/ros/jazzy DEBUGINFOD_URLS=https://debuginfod.ubuntu.com /usr/bin/cmake /home/addinnedu/ROS2_Jazzy_Study/src/traffic_planner -DAMENT_CMAKE_SYMLINK_INSTALL=1 -DCMAKE_INSTALL_PREFIX=/home/addinnedu/ROS2_Jazzy_Study/install/traffic_planner
[2.781s] Invoking command in '/home/addinnedu/ROS2_Jazzy_Study/build/traffic_planner': CMAKE_PREFIX_PATH=${CMAKE_PREFIX_PATH}:/home/addinnedu/ROS2_Jazzy_Study/install/send_goal:/home/addinnedu/ROS2_Jazzy_Study/install/pinky_mapf:/home/addinnedu/ROS2_Jazzy_Study/install/my_demo_pkg:/home/addinnedu/ROS2_Jazzy_Study/install/aruco_marker_pkg:/opt/ros/jazzy DEBUGINFOD_URLS=https://debuginfod.ubuntu.com /usr/bin/cmake --build /home/addinnedu/ROS2_Jazzy_Study/build/traffic_planner -- -j16 -l16
[2.968s] [ 16%] [32mBuilding CXX object CMakeFiles/traffic_planner_lib.dir/src/TrafficPlanner.cpp.o[0m
[4.187s] In file included from [01m[K/home/addinnedu/ROS2_Jazzy_Study/src/traffic_planner/src/TrafficPlanner.cpp:1[m[K:
[4.187s] [01m[K/home/addinnedu/ROS2_Jazzy_Study/src/traffic_planner/include/traffic_planner/TrafficPlanner.hpp:85:40:[m[K [01;31m[Kerror: [m[Kdefault argument missing for parameter 4 of â€˜[01m[Kstd::vector<std::vector<std::pair<int, int> > > TrafficPlanner::[01;32m[KplanPaths[m[K(const std::vector<std::pair<int, int> >&, const std::vector<std::pair<int, int> >&, bool, const std::vector<Constraint>&)[m[Kâ€™
[4.187s]    85 | [01;31m[Ktd::vector<Constraint>& initial_constraints[m[K
[4.189s]       | [01;31m[K~~~~~~~~~~~~~~~~~~~~~~~~^~~~~~~~~~~~~~~~~~~[m[K
[4.189s] 
[4.189s] [01m[K/home/addinnedu/ROS2_Jazzy_Study/src/traffic_planner/include/traffic_planner/TrafficPlanner.hpp:84:14:[m[K [01;36m[Knote: [m[K...following parameter 3 which has a default argument
[4.189s]    84 |         [01;36m[Kbool use_disjoint_splitting = true[m[K,
[4.190s]       |         [01;36m[K~~~~~^~~~~~~~~~~~~~~~~~~~~~~~~~~~~[m[K
[4.569s] gmake[2]: *** [CMakeFiles/traffic_planner_lib.dir/build.make:76: CMakeFiles/traffic_planner_lib.dir/src/TrafficPlanner.cpp.o] Error 1
[4.569s] gmake[1]: *** [CMakeFiles/Makefile2:141: CMakeFiles/traffic_planner_lib.dir/all] Error 2
[4.571s] gmake: *** [Makefile:146: all] Error 2
[4.585s] Invoked command in '/home/addinnedu/ROS2_Jazzy_Study/build/traffic_planner' returned '2': CMAKE_PREFIX_PATH=${CMAKE_PREFIX_PATH}:/home/addinnedu/ROS2_Jazzy_Study/install/send_goal:/home/addinnedu/ROS2_Jazzy_Study/install/pinky_mapf:/home/addinnedu/ROS2_Jazzy_Study/install/my_demo_pkg:/home/addinnedu/ROS2_Jazzy_Study/install/aruco_marker_pkg:/opt/ros/jazzy DEBUGINFOD_URLS=https://debuginfod.ubuntu.com /usr/bin/cmake --build /home/addinnedu/ROS2_Jazzy_Study/build/traffic_planner -- -j16 -l16
